<?xml version="1.0" encoding="UTF-8"?>
<testng-results ignored="0" total="1" passed="1" failed="0" skipped="0">
  <reporter-output>
  </reporter-output>
  <suite started-at="2023-02-25T01:33:58 EST" name="Default suite" finished-at="2023-02-25T01:33:58 EST" duration-ms="62">
    <groups>
    </groups>
    <test started-at="2023-02-25T01:33:58 EST" name="Default test" finished-at="2023-02-25T01:33:58 EST" duration-ms="62">
      <class name="com.twoplugs.test.InitialTest">
        <test-method is-config="true" signature="loadLoginPage()[pri:0, instance:com.twoplugs.test.InitialTest@2ece4966]" started-at="2023-02-25T01:33:55 EST" name="loadLoginPage" finished-at="2023-02-25T01:33:58 EST" duration-ms="3672" status="PASS">
          <reporter-output>
          </reporter-output>
        </test-method> <!-- loadLoginPage -->
        <test-method signature="testTitle()[pri:0, instance:com.twoplugs.test.InitialTest@2ece4966]" started-at="2023-02-25T01:33:58 EST" name="testTitle" finished-at="2023-02-25T01:33:58 EST" duration-ms="21" status="PASS">
          <reporter-output>
          </reporter-output>
        </test-method> <!-- testTitle -->
        <test-method is-config="true" signature="closeApplication()[pri:0, instance:com.twoplugs.test.InitialTest@2ece4966]" started-at="2023-02-25T01:33:58 EST" name="closeApplication" finished-at="2023-02-25T01:34:02 EST" duration-ms="3489" status="PASS">
          <reporter-output>
          </reporter-output>
        </test-method> <!-- closeApplication -->
      </class> <!-- com.twoplugs.test.InitialTest -->
    </test> <!-- Default test -->
  </suite> <!-- Default suite -->
</testng-results>
